This file contains any messages produced by compilers while
running configure, to aid debugging if configure makes a mistake.

It was created by libftdi configure 0.16, which was
generated by GNU Autoconf 2.61.  Invocation command line was

  $ ./configure 

## --------- ##
## Platform. ##
## --------- ##

hostname = book-desktop
uname -m = i686
uname -r = 2.6.27-7-generic
uname -s = Linux
uname -v = #1 SMP Fri Oct 24 06:42:44 UTC 2008

/usr/bin/uname -p = unknown
/bin/uname -X     = unknown

/bin/arch              = unknown
/usr/bin/arch -k       = unknown
/usr/convex/getsysinfo = unknown
/usr/bin/hostinfo      = unknown
/bin/machine           = unknown
/usr/bin/oslevel       = unknown
/bin/universe          = unknown

PATH: /usr/local/sbin
PATH: /usr/local/bin
PATH: /usr/sbin
PATH: /usr/bin
PATH: /sbin
PATH: /bin
PATH: /usr/games
PATH: /work/tools/gcc-3.4.5-glibc-2.3.6/bin
PATH: /work/projects/XingTianXia/arm-linux-uclibc/linux-soft/bin


## ----------- ##
## Core tests. ##
## ----------- ##

configure:2014: checking for a BSD-compatible install
configure:2070: result: /usr/bin/install -c
configure:2081: checking whether build environment is sane
configure:2124: result: yes
configure:2152: checking for a thread-safe mkdir -p
configure:2191: result: /bin/mkdir -p
configure:2204: checking for gawk
configure:2234: result: no
configure:2204: checking for mawk
configure:2220: found /usr/bin/mawk
configure:2231: result: mawk
configure:2242: checking whether make sets $(MAKE)
configure:2263: result: yes
configure:2508: checking for gcc
configure:2524: found /usr/bin/gcc
configure:2535: result: gcc
configure:2773: checking for C compiler version
configure:2780: gcc --version >&5
gcc (Ubuntu 4.3.2-1ubuntu12) 4.3.2
Copyright (C) 2008 Free Software Foundation, Inc.
This is free software; see the source for copying conditions.  There is NO
warranty; not even for MERCHANTABILITY or FITNESS FOR A PARTICULAR PURPOSE.

configure:2783: $? = 0
configure:2790: gcc -v >&5
Using built-in specs.
Target: i486-linux-gnu
Configured with: ../src/configure -v --with-pkgversion='Ubuntu 4.3.2-1ubuntu12' --with-bugurl=file:///usr/share/doc/gcc-4.3/README.Bugs --enable-languages=c,c++,fortran,objc,obj-c++ --prefix=/usr --enable-shared --with-system-zlib --libexecdir=/usr/lib --without-included-gettext --enable-threads=posix --enable-nls --with-gxx-include-dir=/usr/include/c++/4.3 --program-suffix=-4.3 --enable-clocale=gnu --enable-libstdcxx-debug --enable-objc-gc --enable-mpfr --enable-targets=all --enable-checking=release --build=i486-linux-gnu --host=i486-linux-gnu --target=i486-linux-gnu
Thread model: posix
gcc version 4.3.2 (Ubuntu 4.3.2-1ubuntu12) 
configure:2793: $? = 0
configure:2800: gcc -V >&5
gcc: '-V' option must have argument
configure:2803: $? = 1
configure:2826: checking for C compiler default output file name
configure:2853: gcc    conftest.c  >&5
configure:2856: $? = 0
configure:2894: result: a.out
configure:2911: checking whether the C compiler works
configure:2921: ./a.out
configure:2924: $? = 0
configure:2941: result: yes
configure:2948: checking whether we are cross compiling
configure:2950: result: no
configure:2953: checking for suffix of executables
configure:2960: gcc -o conftest    conftest.c  >&5
configure:2963: $? = 0
configure:2987: result: 
configure:2993: checking for suffix of object files
configure:3019: gcc -c   conftest.c >&5
configure:3022: $? = 0
configure:3045: result: o
configure:3049: checking whether we are using the GNU C compiler
configure:3078: gcc -c   conftest.c >&5
configure:3084: $? = 0
configure:3101: result: yes
configure:3106: checking whether gcc accepts -g
configure:3136: gcc -c -g  conftest.c >&5
configure:3142: $? = 0
configure:3241: result: yes
configure:3258: checking for gcc option to accept ISO C89
configure:3332: gcc  -c -g -O2  conftest.c >&5
configure:3338: $? = 0
configure:3361: result: none needed
configure:3390: checking for style of include used by make
configure:3418: result: GNU
configure:3443: checking dependency style of gcc
configure:3534: result: gcc3
configure:3627: checking build system type
configure:3645: result: i686-pc-linux-gnu
configure:3667: checking host system type
configure:3682: result: i686-pc-linux-gnu
configure:3704: checking for a sed that does not truncate output
configure:3760: result: /bin/sed
configure:3763: checking for grep that handles long lines and -e
configure:3837: result: /bin/grep
configure:3842: checking for egrep
configure:3920: result: /bin/grep -E
configure:3936: checking for ld used by gcc
configure:4003: result: /usr/bin/ld
configure:4012: checking if the linker (/usr/bin/ld) is GNU ld
configure:4027: result: yes
configure:4032: checking for /usr/bin/ld option to reload object files
configure:4039: result: -r
configure:4057: checking for BSD-compatible nm
configure:4106: result: /usr/bin/nm -B
configure:4110: checking whether ln -s works
configure:4114: result: yes
configure:4121: checking how to recognize dependent libraries
configure:4307: result: pass_all
configure:4549: checking how to run the C preprocessor
configure:4589: gcc -E  conftest.c
configure:4595: $? = 0
configure:4626: gcc -E  conftest.c
conftest.c:10:28: error: ac_nonexistent.h: No such file or directory
configure:4632: $? = 1
configure: failed program was:
| /* confdefs.h.  */
| #define PACKAGE_NAME "libftdi"
| #define PACKAGE_TARNAME "libftdi"
| #define PACKAGE_VERSION "0.16"
| #define PACKAGE_STRING "libftdi 0.16"
| #define PACKAGE_BUGREPORT ""
| #define PACKAGE "libftdi"
| #define VERSION "0.16"
| /* end confdefs.h.  */
| #include <ac_nonexistent.h>
configure:4665: result: gcc -E
configure:4694: gcc -E  conftest.c
configure:4700: $? = 0
configure:4731: gcc -E  conftest.c
conftest.c:10:28: error: ac_nonexistent.h: No such file or directory
configure:4737: $? = 1
configure: failed program was:
| /* confdefs.h.  */
| #define PACKAGE_NAME "libftdi"
| #define PACKAGE_TARNAME "libftdi"
| #define PACKAGE_VERSION "0.16"
| #define PACKAGE_STRING "libftdi 0.16"
| #define PACKAGE_BUGREPORT ""
| #define PACKAGE "libftdi"
| #define VERSION "0.16"
| /* end confdefs.h.  */
| #include <ac_nonexistent.h>
configure:4775: checking for ANSI C header files
configure:4805: gcc -c -g -O2  conftest.c >&5
configure:4811: $? = 0
configure:4910: gcc -o conftest -g -O2   conftest.c  >&5
configure:4913: $? = 0
configure:4919: ./conftest
configure:4922: $? = 0
configure:4939: result: yes
configure:4963: checking for sys/types.h
configure:4984: gcc -c -g -O2  conftest.c >&5
configure:4990: $? = 0
configure:5006: result: yes
configure:4963: checking for sys/stat.h
configure:4984: gcc -c -g -O2  conftest.c >&5
configure:4990: $? = 0
configure:5006: result: yes
configure:4963: checking for stdlib.h
configure:4984: gcc -c -g -O2  conftest.c >&5
configure:4990: $? = 0
configure:5006: result: yes
configure:4963: checking for string.h
configure:4984: gcc -c -g -O2  conftest.c >&5
configure:4990: $? = 0
configure:5006: result: yes
configure:4963: checking for memory.h
configure:4984: gcc -c -g -O2  conftest.c >&5
configure:4990: $? = 0
configure:5006: result: yes
configure:4963: checking for strings.h
configure:4984: gcc -c -g -O2  conftest.c >&5
configure:4990: $? = 0
configure:5006: result: yes
configure:4963: checking for inttypes.h
configure:4984: gcc -c -g -O2  conftest.c >&5
configure:4990: $? = 0
configure:5006: result: yes
configure:4963: checking for stdint.h
configure:4984: gcc -c -g -O2  conftest.c >&5
configure:4990: $? = 0
configure:5006: result: yes
configure:4963: checking for unistd.h
configure:4984: gcc -c -g -O2  conftest.c >&5
configure:4990: $? = 0
configure:5006: result: yes
configure:5033: checking dlfcn.h usability
configure:5050: gcc -c -g -O2  conftest.c >&5
configure:5056: $? = 0
configure:5070: result: yes
configure:5074: checking dlfcn.h presence
configure:5089: gcc -E  conftest.c
configure:5095: $? = 0
configure:5109: result: yes
configure:5137: checking for dlfcn.h
configure:5145: result: yes
configure:5216: checking for g++
configure:5232: found /usr/bin/g++
configure:5243: result: g++
configure:5274: checking for C++ compiler version
configure:5281: g++ --version >&5
g++ (Ubuntu 4.3.2-1ubuntu12) 4.3.2
Copyright (C) 2008 Free Software Foundation, Inc.
This is free software; see the source for copying conditions.  There is NO
warranty; not even for MERCHANTABILITY or FITNESS FOR A PARTICULAR PURPOSE.

configure:5284: $? = 0
configure:5291: g++ -v >&5
Using built-in specs.
Target: i486-linux-gnu
Configured with: ../src/configure -v --with-pkgversion='Ubuntu 4.3.2-1ubuntu12' --with-bugurl=file:///usr/share/doc/gcc-4.3/README.Bugs --enable-languages=c,c++,fortran,objc,obj-c++ --prefix=/usr --enable-shared --with-system-zlib --libexecdir=/usr/lib --without-included-gettext --enable-threads=posix --enable-nls --with-gxx-include-dir=/usr/include/c++/4.3 --program-suffix=-4.3 --enable-clocale=gnu --enable-libstdcxx-debug --enable-objc-gc --enable-mpfr --enable-targets=all --enable-checking=release --build=i486-linux-gnu --host=i486-linux-gnu --target=i486-linux-gnu
Thread model: posix
gcc version 4.3.2 (Ubuntu 4.3.2-1ubuntu12) 
configure:5294: $? = 0
configure:5301: g++ -V >&5
g++: '-V' option must have argument
configure:5304: $? = 1
configure:5307: checking whether we are using the GNU C++ compiler
configure:5336: g++ -c   conftest.cpp >&5
configure:5342: $? = 0
configure:5359: result: yes
configure:5364: checking whether g++ accepts -g
configure:5394: g++ -c -g  conftest.cpp >&5
configure:5400: $? = 0
configure:5499: result: yes
configure:5524: checking dependency style of g++
configure:5615: result: gcc3
configure:5640: checking how to run the C++ preprocessor
configure:5676: g++ -E  conftest.cpp
configure:5682: $? = 0
configure:5713: g++ -E  conftest.cpp
conftest.cpp:21:28: error: ac_nonexistent.h: No such file or directory
configure:5719: $? = 1
configure: failed program was:
| /* confdefs.h.  */
| #define PACKAGE_NAME "libftdi"
| #define PACKAGE_TARNAME "libftdi"
| #define PACKAGE_VERSION "0.16"
| #define PACKAGE_STRING "libftdi 0.16"
| #define PACKAGE_BUGREPORT ""
| #define PACKAGE "libftdi"
| #define VERSION "0.16"
| #define STDC_HEADERS 1
| #define HAVE_SYS_TYPES_H 1
| #define HAVE_SYS_STAT_H 1
| #define HAVE_STDLIB_H 1
| #define HAVE_STRING_H 1
| #define HAVE_MEMORY_H 1
| #define HAVE_STRINGS_H 1
| #define HAVE_INTTYPES_H 1
| #define HAVE_STDINT_H 1
| #define HAVE_UNISTD_H 1
| #define HAVE_DLFCN_H 1
| /* end confdefs.h.  */
| #include <ac_nonexistent.h>
configure:5752: result: g++ -E
configure:5781: g++ -E  conftest.cpp
configure:5787: $? = 0
configure:5818: g++ -E  conftest.cpp
conftest.cpp:21:28: error: ac_nonexistent.h: No such file or directory
configure:5824: $? = 1
configure: failed program was:
| /* confdefs.h.  */
| #define PACKAGE_NAME "libftdi"
| #define PACKAGE_TARNAME "libftdi"
| #define PACKAGE_VERSION "0.16"
| #define PACKAGE_STRING "libftdi 0.16"
| #define PACKAGE_BUGREPORT ""
| #define PACKAGE "libftdi"
| #define VERSION "0.16"
| #define STDC_HEADERS 1
| #define HAVE_SYS_TYPES_H 1
| #define HAVE_SYS_STAT_H 1
| #define HAVE_STDLIB_H 1
| #define HAVE_STRING_H 1
| #define HAVE_MEMORY_H 1
| #define HAVE_STRINGS_H 1
| #define HAVE_INTTYPES_H 1
| #define HAVE_STDINT_H 1
| #define HAVE_UNISTD_H 1
| #define HAVE_DLFCN_H 1
| /* end confdefs.h.  */
| #include <ac_nonexistent.h>
configure:5917: checking for g77
configure:5947: result: no
configure:5917: checking for xlf
configure:5947: result: no
configure:5917: checking for f77
configure:5947: result: no
configure:5917: checking for frt
configure:5947: result: no
configure:5917: checking for pgf77
configure:5947: result: no
configure:5917: checking for cf77
configure:5947: result: no
configure:5917: checking for fort77
configure:5947: result: no
configure:5917: checking for fl32
configure:5947: result: no
configure:5917: checking for af77
configure:5947: result: no
configure:5917: checking for xlf90
configure:5947: result: no
configure:5917: checking for f90
configure:5947: result: no
configure:5917: checking for pgf90
configure:5947: result: no
configure:5917: checking for pghpf
configure:5947: result: no
configure:5917: checking for epcf90
configure:5947: result: no
configure:5917: checking for gfortran
configure:5947: result: no
configure:5917: checking for g95
configure:5947: result: no
configure:5917: checking for xlf95
configure:5947: result: no
configure:5917: checking for f95
configure:5947: result: no
configure:5917: checking for fort
configure:5947: result: no
configure:5917: checking for ifort
configure:5947: result: no
configure:5917: checking for ifc
configure:5947: result: no
configure:5917: checking for efc
configure:5947: result: no
configure:5917: checking for pgf95
configure:5947: result: no
configure:5917: checking for lf95
configure:5947: result: no
configure:5917: checking for ftn
configure:5947: result: no
configure:5974: checking for Fortran 77 compiler version
configure:5981:  --version >&5
./configure: line 5982: --version: command not found
configure:5984: $? = 127
configure:5991:  -v >&5
./configure: line 5992: -v: command not found
configure:5994: $? = 127
configure:6001:  -V >&5
./configure: line 6002: -V: command not found
configure:6004: $? = 127
configure:6012: checking whether we are using the GNU Fortran 77 compiler
configure:6031:  -c  conftest.F >&5
./configure: line 6032: -c: command not found
configure:6037: $? = 127
configure: failed program was:
|       program main
| #ifndef __GNUC__
|        choke me
| #endif
| 
|       end
configure:6054: result: no
configure:6060: checking whether  accepts -g
configure:6077:  -c -g conftest.f >&5
./configure: line 6078: -c: command not found
configure:6083: $? = 127
configure: failed program was:
|       program main
| 
|       end
configure:6099: result: no
configure:6129: checking the maximum length of command line arguments
configure:6241: result: 1572864
configure:6253: checking command to parse /usr/bin/nm -B output from gcc object
configure:6358: gcc -c -g -O2  conftest.c >&5
configure:6361: $? = 0
configure:6365: /usr/bin/nm -B conftest.o \| sed -n -e 's/^.*[ 	]\([ABCDGIRSTW][ABCDGIRSTW]*\)[ 	][ 	]*\([_A-Za-z][_A-Za-z0-9]*\)$/\1 \2 \2/p' \> conftest.nm
configure:6368: $? = 0
configure:6420: gcc -o conftest -g -O2   conftest.c conftstm.o >&5
configure:6423: $? = 0
configure:6461: result: ok
configure:6465: checking for objdir
configure:6480: result: .libs
configure:6572: checking for ar
configure:6588: found /usr/bin/ar
configure:6599: result: ar
configure:6668: checking for ranlib
configure:6684: found /usr/bin/ranlib
configure:6695: result: ranlib
configure:6764: checking for strip
configure:6780: found /usr/bin/strip
configure:6791: result: strip
configure:7077: checking if gcc supports -fno-rtti -fno-exceptions
configure:7095: gcc -c -g -O2  -fno-rtti -fno-exceptions conftest.c >&5
cc1: warning: command line option "-fno-rtti" is valid for C++/ObjC++ but not for C
configure:7099: $? = 0
configure:7112: result: no
configure:7127: checking for gcc option to produce PIC
configure:7359: result: -fPIC
configure:7367: checking if gcc PIC flag -fPIC works
configure:7385: gcc -c -g -O2  -fPIC -DPIC conftest.c >&5
configure:7389: $? = 0
configure:7402: result: yes
configure:7430: checking if gcc static flag -static works
configure:7458: result: yes
configure:7468: checking if gcc supports -c -o file.o
configure:7489: gcc -c -g -O2  -o out/conftest2.o conftest.c >&5
configure:7493: $? = 0
configure:7515: result: yes
configure:7541: checking whether the gcc linker (/usr/bin/ld) supports shared libraries
configure:8521: result: yes
configure:8542: checking whether -lc should be explicitly linked in
configure:8547: gcc -c -g -O2  conftest.c >&5
configure:8550: $? = 0
configure:8565: gcc -shared conftest.o  -v -Wl,-soname -Wl,conftest -o conftest 2\>\&1 \| grep  -lc  \>/dev/null 2\>\&1
configure:8568: $? = 0
configure:8580: result: no
configure:8588: checking dynamic linker characteristics
configure:9192: result: GNU/Linux ld.so
configure:9201: checking how to hardcode library paths into programs
configure:9226: result: immediate
configure:9240: checking whether stripping libraries is possible
configure:9245: result: yes
configure:10047: checking if libtool supports shared libraries
configure:10049: result: yes
configure:10052: checking whether to build shared libraries
configure:10073: result: yes
configure:10076: checking whether to build static libraries
configure:10080: result: yes
configure:10173: creating libtool
configure:10761: checking for ld used by g++
configure:10828: result: /usr/bin/ld
configure:10837: checking if the linker (/usr/bin/ld) is GNU ld
configure:10852: result: yes
configure:10903: checking whether the g++ linker (/usr/bin/ld) supports shared libraries
configure:11877: result: yes
configure:11895: g++ -c -g -O2  conftest.cpp >&5
configure:11898: $? = 0
configure:12050: checking for g++ option to produce PIC
configure:12334: result: -fPIC
configure:12342: checking if g++ PIC flag -fPIC works
configure:12360: g++ -c -g -O2  -fPIC -DPIC conftest.cpp >&5
configure:12364: $? = 0
configure:12377: result: yes
configure:12405: checking if g++ static flag -static works
configure:12433: result: yes
configure:12443: checking if g++ supports -c -o file.o
configure:12464: g++ -c -g -O2  -o out/conftest2.o conftest.cpp >&5
configure:12468: $? = 0
configure:12490: result: yes
configure:12516: checking whether the g++ linker (/usr/bin/ld) supports shared libraries
configure:12541: result: yes
configure:12608: checking dynamic linker characteristics
configure:13160: result: GNU/Linux ld.so
configure:13169: checking how to hardcode library paths into programs
configure:13194: result: immediate
configure:19485: checking for C++ compiler version
configure:19492: g++ --version >&5
g++ (Ubuntu 4.3.2-1ubuntu12) 4.3.2
Copyright (C) 2008 Free Software Foundation, Inc.
This is free software; see the source for copying conditions.  There is NO
warranty; not even for MERCHANTABILITY or FITNESS FOR A PARTICULAR PURPOSE.

configure:19495: $? = 0
configure:19502: g++ -v >&5
Using built-in specs.
Target: i486-linux-gnu
Configured with: ../src/configure -v --with-pkgversion='Ubuntu 4.3.2-1ubuntu12' --with-bugurl=file:///usr/share/doc/gcc-4.3/README.Bugs --enable-languages=c,c++,fortran,objc,obj-c++ --prefix=/usr --enable-shared --with-system-zlib --libexecdir=/usr/lib --without-included-gettext --enable-threads=posix --enable-nls --with-gxx-include-dir=/usr/include/c++/4.3 --program-suffix=-4.3 --enable-clocale=gnu --enable-libstdcxx-debug --enable-objc-gc --enable-mpfr --enable-targets=all --enable-checking=release --build=i486-linux-gnu --host=i486-linux-gnu --target=i486-linux-gnu
Thread model: posix
gcc version 4.3.2 (Ubuntu 4.3.2-1ubuntu12) 
configure:19505: $? = 0
configure:19512: g++ -V >&5
g++: '-V' option must have argument
configure:19515: $? = 1
configure:19518: checking whether we are using the GNU C++ compiler
configure:19570: result: yes
configure:19575: checking whether g++ accepts -g
configure:19710: result: yes
configure:19735: checking dependency style of g++
configure:19826: result: gcc3
configure:19844: checking for libusb-config
configure:19862: found /usr/bin/libusb-config
configure:19875: result: /usr/bin/libusb-config
configure:19896: checking if libusb version is >= 0.1.7
configure:19908: result: yes
configure:19986: checking for boostlib >= 1.33
configure:20050: g++ -c -g -O2   conftest.cpp >&5
conftest.cpp:22:30: error: boost/version.hpp: No such file or directory
conftest.cpp:31:5: error: #error Boost version is too old
configure:20056: $? = 1
configure: failed program was:
| /* confdefs.h.  */
| #define PACKAGE_NAME "libftdi"
| #define PACKAGE_TARNAME "libftdi"
| #define PACKAGE_VERSION "0.16"
| #define PACKAGE_STRING "libftdi 0.16"
| #define PACKAGE_BUGREPORT ""
| #define PACKAGE "libftdi"
| #define VERSION "0.16"
| #define STDC_HEADERS 1
| #define HAVE_SYS_TYPES_H 1
| #define HAVE_SYS_STAT_H 1
| #define HAVE_STDLIB_H 1
| #define HAVE_STRING_H 1
| #define HAVE_MEMORY_H 1
| #define HAVE_STRINGS_H 1
| #define HAVE_INTTYPES_H 1
| #define HAVE_STDINT_H 1
| #define HAVE_UNISTD_H 1
| #define HAVE_DLFCN_H 1
| /* end confdefs.h.  */
| 
| 	#include <boost/version.hpp>
| 
| int
| main ()
| {
| 
| 	#if BOOST_VERSION >= 103300
| 	// Everything is okay
| 	#else
| 	#  error Boost version is too old
| 	#endif
| 
|   ;
|   return 0;
| }
configure:20176: g++ -c -g -O2   -I/include/boost-0 conftest.cpp >&5
conftest.cpp:22:31: error: boost/version.hpp: No such file or directory
conftest.cpp:31:6: error: #error Boost version is too old
configure:20182: $? = 1
configure: failed program was:
| /* confdefs.h.  */
| #define PACKAGE_NAME "libftdi"
| #define PACKAGE_TARNAME "libftdi"
| #define PACKAGE_VERSION "0.16"
| #define PACKAGE_STRING "libftdi 0.16"
| #define PACKAGE_BUGREPORT ""
| #define PACKAGE "libftdi"
| #define VERSION "0.16"
| #define STDC_HEADERS 1
| #define HAVE_SYS_TYPES_H 1
| #define HAVE_SYS_STAT_H 1
| #define HAVE_STDLIB_H 1
| #define HAVE_STRING_H 1
| #define HAVE_MEMORY_H 1
| #define HAVE_STRINGS_H 1
| #define HAVE_INTTYPES_H 1
| #define HAVE_STDINT_H 1
| #define HAVE_UNISTD_H 1
| #define HAVE_DLFCN_H 1
| /* end confdefs.h.  */
| 
| 		#include <boost/version.hpp>
| 
| int
| main ()
| {
| 
| 		#if BOOST_VERSION >= 103300
| 		// Everything is okay
| 		#else
| 		#  error Boost version is too old
| 		#endif
| 
|   ;
|   return 0;
| }
configure:20212: We could not detect the boost libraries (version 1.33 or higher). If you have a staged boost library (still not installed) please specify $BOOST_ROOT in your environment and do not give a PATH to --with-boost option.  If you are sure you have boost installed, then check your version number looking in <boost/version.hpp>. See http://randspringer.de/boost for more documentation.
configure:20236: checking if we can build the C++ wrapper
configure:20264: result: no
configure:20278: checking for doxygen
configure:20311: result: no
configure:20328: checking for swig
configure:20361: result: no
configure:20407: checking for a Python interpreter with version >= 2.0
configure:20422: python -c import sys, string # split strings by '.' and convert to numeric. Append some zeros # because we need at least 4 digits for the hex conversion. minver = map(int, string.split('2.0', '.')) + [0, 0, 0] minverhex = 0 for i in xrange(0, 4): minverhex = (minverhex << 8) + minver[i] sys.exit(sys.hexversion < minverhex)
configure:20425: $? = 0
configure:20432: result: python
configure:20440: checking for python
configure:20458: found /usr/bin/python
configure:20470: result: /usr/bin/python
configure:20491: checking for python version
configure:20498: result: 2.5
configure:20510: checking for python platform
configure:20517: result: linux2
configure:20524: checking for python script directory
configure:20532: result: ${prefix}/lib/python2.5/site-packages
configure:20541: checking for python extension module directory
configure:20549: result: ${exec_prefix}/lib/python2.5/site-packages
configure:20580: checking /usr/include/python2.5/Python.h usability
configure:20597: gcc -c -g -O2   conftest.c >&5
conftest.c:54:43: error: /usr/include/python2.5/Python.h: No such file or directory
configure:20603: $? = 1
configure: failed program was:
| /* confdefs.h.  */
| #define PACKAGE_NAME "libftdi"
| #define PACKAGE_TARNAME "libftdi"
| #define PACKAGE_VERSION "0.16"
| #define PACKAGE_STRING "libftdi 0.16"
| #define PACKAGE_BUGREPORT ""
| #define PACKAGE "libftdi"
| #define VERSION "0.16"
| #define STDC_HEADERS 1
| #define HAVE_SYS_TYPES_H 1
| #define HAVE_SYS_STAT_H 1
| #define HAVE_STDLIB_H 1
| #define HAVE_STRING_H 1
| #define HAVE_MEMORY_H 1
| #define HAVE_STRINGS_H 1
| #define HAVE_INTTYPES_H 1
| #define HAVE_STDINT_H 1
| #define HAVE_UNISTD_H 1
| #define HAVE_DLFCN_H 1
| /* end confdefs.h.  */
| #include <stdio.h>
| #ifdef HAVE_SYS_TYPES_H
| # include <sys/types.h>
| #endif
| #ifdef HAVE_SYS_STAT_H
| # include <sys/stat.h>
| #endif
| #ifdef STDC_HEADERS
| # include <stdlib.h>
| # include <stddef.h>
| #else
| # ifdef HAVE_STDLIB_H
| #  include <stdlib.h>
| # endif
| #endif
| #ifdef HAVE_STRING_H
| # if !defined STDC_HEADERS && defined HAVE_MEMORY_H
| #  include <memory.h>
| # endif
| # include <string.h>
| #endif
| #ifdef HAVE_STRINGS_H
| # include <strings.h>
| #endif
| #ifdef HAVE_INTTYPES_H
| # include <inttypes.h>
| #endif
| #ifdef HAVE_STDINT_H
| # include <stdint.h>
| #endif
| #ifdef HAVE_UNISTD_H
| # include <unistd.h>
| #endif
| #include </usr/include/python2.5/Python.h>
configure:20617: result: no
configure:20621: checking /usr/include/python2.5/Python.h presence
configure:20636: gcc -E  conftest.c
conftest.c:21:43: error: /usr/include/python2.5/Python.h: No such file or directory
configure:20642: $? = 1
configure: failed program was:
| /* confdefs.h.  */
| #define PACKAGE_NAME "libftdi"
| #define PACKAGE_TARNAME "libftdi"
| #define PACKAGE_VERSION "0.16"
| #define PACKAGE_STRING "libftdi 0.16"
| #define PACKAGE_BUGREPORT ""
| #define PACKAGE "libftdi"
| #define VERSION "0.16"
| #define STDC_HEADERS 1
| #define HAVE_SYS_TYPES_H 1
| #define HAVE_SYS_STAT_H 1
| #define HAVE_STDLIB_H 1
| #define HAVE_STRING_H 1
| #define HAVE_MEMORY_H 1
| #define HAVE_STRINGS_H 1
| #define HAVE_INTTYPES_H 1
| #define HAVE_STDINT_H 1
| #define HAVE_UNISTD_H 1
| #define HAVE_DLFCN_H 1
| /* end confdefs.h.  */
| #include </usr/include/python2.5/Python.h>
configure:20656: result: no
configure:20684: checking for /usr/include/python2.5/Python.h
configure:20692: result: no
configure:20703: WARNING: Python.h header file not found. Python development files are required to build presage python binding. Pyt
hon can be obtained from http://www.python.org
configure:20735: Python binding for libftdi will not be built.
configure:20737: Enable Python binding module building with --enable-python-binding
configure:20928: creating ./config.status

## ---------------------- ##
## Running config.status. ##
## ---------------------- ##

This file was extended by libftdi config.status 0.16, which was
generated by GNU Autoconf 2.61.  Invocation command line was

  CONFIG_FILES    = 
  CONFIG_HEADERS  = 
  CONFIG_LINKS    = 
  CONFIG_COMMANDS = 
  $ ./config.status 

on book-desktop

config.status:690: creating libftdi-config
config.status:690: creating config.h
config.status:964: executing depfiles commands
config.status:964: executing default commands
configure:22396: creating ./config.status

## ---------------------- ##
## Running config.status. ##
## ---------------------- ##

This file was extended by libftdi config.status 0.16, which was
generated by GNU Autoconf 2.61.  Invocation command line was

  CONFIG_FILES    = 
  CONFIG_HEADERS  = 
  CONFIG_LINKS    = 
  CONFIG_COMMANDS = 
  $ ./config.status 

on book-desktop

config.status:700: creating libftdi-config
config.status:700: creating Makefile
config.status:700: creating src/Makefile
config.status:700: creating bindings/Makefile
config.status:700: creating bindings/python/Makefile
config.status:700: creating bindings/python/setup.py
config.status:700: creating examples/Makefile
config.status:700: creating doc/Doxyfile
config.status:700: creating doc/Makefile
config.status:700: creating libftdi.pc
config.status:700: creating libftdi.spec
config.status:700: creating config.h
config.status:927: config.h is unchanged
config.status:974: executing depfiles commands
config.status:974: executing default commands

## ---------------- ##
## Cache variables. ##
## ---------------- ##

ac_cv_build=i686-pc-linux-gnu
ac_cv_c_compiler_gnu=yes
ac_cv_cxx_compiler_gnu=yes
ac_cv_env_CCC_set=
ac_cv_env_CCC_value=
ac_cv_env_CC_set=
ac_cv_env_CC_value=
ac_cv_env_CFLAGS_set=
ac_cv_env_CFLAGS_value=
ac_cv_env_CPPFLAGS_set=
ac_cv_env_CPPFLAGS_value=
ac_cv_env_CPP_set=
ac_cv_env_CPP_value=
ac_cv_env_CXXCPP_set=
ac_cv_env_CXXCPP_value=
ac_cv_env_CXXFLAGS_set=
ac_cv_env_CXXFLAGS_value=
ac_cv_env_CXX_set=
ac_cv_env_CXX_value=
ac_cv_env_F77_set=
ac_cv_env_F77_value=
ac_cv_env_FFLAGS_set=
ac_cv_env_FFLAGS_value=
ac_cv_env_LDFLAGS_set=
ac_cv_env_LDFLAGS_value=
ac_cv_env_LIBS_set=
ac_cv_env_LIBS_value=
ac_cv_env_build_alias_set=
ac_cv_env_build_alias_value=
ac_cv_env_host_alias_set=
ac_cv_env_host_alias_value=
ac_cv_env_target_alias_set=
ac_cv_env_target_alias_value=
ac_cv_f77_compiler_gnu=no
ac_cv_header__usr_include_python2_5_Python_h=no
ac_cv_header_dlfcn_h=yes
ac_cv_header_inttypes_h=yes
ac_cv_header_memory_h=yes
ac_cv_header_stdc=yes
ac_cv_header_stdint_h=yes
ac_cv_header_stdlib_h=yes
ac_cv_header_string_h=yes
ac_cv_header_strings_h=yes
ac_cv_header_sys_stat_h=yes
ac_cv_header_sys_types_h=yes
ac_cv_header_unistd_h=yes
ac_cv_host=i686-pc-linux-gnu
ac_cv_objext=o
ac_cv_path_EGREP='/bin/grep -E'
ac_cv_path_GREP=/bin/grep
ac_cv_path_HAVELIBUSB=/usr/bin/libusb-config
ac_cv_path_PYTHON=/usr/bin/python
ac_cv_path_install='/usr/bin/install -c'
ac_cv_path_mkdir=/bin/mkdir
ac_cv_prog_AWK=mawk
ac_cv_prog_CPP='gcc -E'
ac_cv_prog_CXXCPP='g++ -E'
ac_cv_prog_ac_ct_AR=ar
ac_cv_prog_ac_ct_CC=gcc
ac_cv_prog_ac_ct_CXX=g++
ac_cv_prog_ac_ct_RANLIB=ranlib
ac_cv_prog_ac_ct_STRIP=strip
ac_cv_prog_cc_c89=
ac_cv_prog_cc_g=yes
ac_cv_prog_cxx_g=yes
ac_cv_prog_f77_g=no
ac_cv_prog_make_make_set=yes
am_cv_CC_dependencies_compiler_type=gcc3
am_cv_CXX_dependencies_compiler_type=gcc3
am_cv_pathless_PYTHON=python
am_cv_python_platform=linux2
am_cv_python_pyexecdir='${exec_prefix}/lib/python2.5/site-packages'
am_cv_python_pythondir='${prefix}/lib/python2.5/site-packages'
am_cv_python_version=2.5
lt_cv_deplibs_check_method=pass_all
lt_cv_file_magic_cmd='$MAGIC_CMD'
lt_cv_file_magic_test_file=
lt_cv_ld_reload_flag=-r
lt_cv_objdir=.libs
lt_cv_path_LD=/usr/bin/ld
lt_cv_path_LDCXX=/usr/bin/ld
lt_cv_path_NM='/usr/bin/nm -B'
lt_cv_path_SED=/bin/sed
lt_cv_prog_compiler_c_o=yes
lt_cv_prog_compiler_c_o_CXX=yes
lt_cv_prog_compiler_rtti_exceptions=no
lt_cv_prog_gnu_ld=yes
lt_cv_prog_gnu_ldcxx=yes
lt_cv_sys_global_symbol_pipe='sed -n -e '\''s/^.*[ 	]\([ABCDGIRSTW][ABCDGIRSTW]*\)[ 	][ 	]*\([_A-Za-z][_A-Za-z0-9]*\)$/\1 \2 \2/p'\'''
lt_cv_sys_global_symbol_to_c_name_address='sed -n -e '\''s/^: \([^ ]*\) $/  {\"\1\", (lt_ptr) 0},/p'\'' -e '\''s/^[BCDEGRST] \([^ ]*\) \([^ ]*\)$/  {"\2", (lt_ptr) \&\2},/p'\'''
lt_cv_sys_global_symbol_to_cdecl='sed -n -e '\''s/^. .* \(.*\)$/extern int \1;/p'\'''
lt_cv_sys_max_cmd_len=1572864
lt_lt_cv_prog_compiler_c_o='"yes"'
lt_lt_cv_prog_compiler_c_o_CXX='"yes"'
lt_lt_cv_sys_global_symbol_pipe='"sed -n -e '\''s/^.*[ 	]\\([ABCDGIRSTW][ABCDGIRSTW]*\\)[ 	][ 	]*\\([_A-Za-z][_A-Za-z0-9]*\\)\$/\\1 \\2 \\2/p'\''"'
lt_lt_cv_sys_global_symbol_to_c_name_address='"sed -n -e '\''s/^: \\([^ ]*\\) \$/  {\\\"\\1\\\", (lt_ptr) 0},/p'\'' -e '\''s/^[BCDEGRST] \\([^ ]*\\) \\([^ ]*\\)\$/  {\"\\2\", (lt_ptr) \\&\\2},/p'\''"'
lt_lt_cv_sys_global_symbol_to_cdecl='"sed -n -e '\''s/^. .* \\(.*\\)\$/extern int \\1;/p'\''"'

## ----------------- ##
## Output variables. ##
## ----------------- ##

ACLOCAL='${SHELL} /work/projects/jz2440/oflash/lib/libftdi-0.16/missing --run aclocal-1.10'
AMDEPBACKSLASH='\'
AMDEP_FALSE='#'
AMDEP_TRUE=''
AMTAR='${SHELL} /work/projects/jz2440/oflash/lib/libftdi-0.16/missing --run tar'
AR='ar'
AUTOCONF='${SHELL} /work/projects/jz2440/oflash/lib/libftdi-0.16/missing --run autoconf'
AUTOHEADER='${SHELL} /work/projects/jz2440/oflash/lib/libftdi-0.16/missing --run autoheader'
AUTOMAKE='${SHELL} /work/projects/jz2440/oflash/lib/libftdi-0.16/missing --run automake-1.10'
AWK='mawk'
BOOST_CPPFLAGS='-I/include/boost-0'
BOOST_LDFLAGS='-L/lib'
CC='gcc'
CCDEPMODE='depmode=gcc3'
CFLAGS='-g -O2 '
CPP='gcc -E'
CPPFLAGS=''
CXX='g++'
CXXCPP='g++ -E'
CXXDEPMODE='depmode=gcc3'
CXXFLAGS='-g -O2'
CYGPATH_W='echo'
DEFS='-DHAVE_CONFIG_H'
DEPDIR='.deps'
DOXYGEN=''
ECHO='echo'
ECHO_C=''
ECHO_N='-n'
ECHO_T=''
EGREP='/bin/grep -E'
ENABLE_ASYNC_MODE='0'
ENABLE_PYTHON_BINDING_FALSE=''
ENABLE_PYTHON_BINDING_TRUE='#'
EXEEXT=''
F77=''
FFLAGS=''
GREP='/bin/grep'
HAVELIBUSB='/usr/bin/libusb-config'
HAVE_DOXYGEN_FALSE='#'
HAVE_DOXYGEN_TRUE=''
HAVE_LIBFTDIPP_FALSE=''
HAVE_LIBFTDIPP_TRUE='#'
HAVE_PYTHON_FALSE=''
HAVE_PYTHON_TRUE='#'
HAVE_SWIG_FALSE=''
HAVE_SWIG_TRUE='#'
INSTALL_DATA='${INSTALL} -m 644'
INSTALL_PROGRAM='${INSTALL}'
INSTALL_SCRIPT='${INSTALL}'
INSTALL_STRIP_PROGRAM='$(install_sh) -c -s'
LDFLAGS=''
LIBFTDI_MODULES=''
LIBFTDI_MODULES_PKGCONFIG=''
LIBOBJS=''
LIBS=' -L/usr/lib -lusb'
LIBTOOL='$(SHELL) $(top_builddir)/libtool'
LN_S='ln -s'
LTLIBOBJS=''
MAKEINFO='${SHELL} /work/projects/jz2440/oflash/lib/libftdi-0.16/missing --run makeinfo'
OBJEXT='o'
PACKAGE='libftdi'
PACKAGE_BUGREPORT=''
PACKAGE_NAME='libftdi'
PACKAGE_STRING='libftdi 0.16'
PACKAGE_TARNAME='libftdi'
PACKAGE_VERSION='0.16'
PATH_SEPARATOR=':'
PYTHON='/usr/bin/python'
PYTHON_EXEC_PREFIX='${exec_prefix}'
PYTHON_PLATFORM='linux2'
PYTHON_PREFIX='${prefix}'
PYTHON_VERSION='2.5'
RANLIB='ranlib'
SED='/bin/sed'
SET_MAKE=''
SHELL='/bin/bash'
STRIP='strip'
SWIG=''
VERSION='0.16'
ac_ct_CC='gcc'
ac_ct_CXX='g++'
ac_ct_F77=''
am__fastdepCC_FALSE='#'
am__fastdepCC_TRUE=''
am__fastdepCXX_FALSE='#'
am__fastdepCXX_TRUE=''
am__include='include'
am__isrc=''
am__leading_dot='.'
am__quote=''
am__tar='${AMTAR} chof - "$$tardir"'
am__untar='${AMTAR} xf -'
bindir='${exec_prefix}/bin'
build='i686-pc-linux-gnu'
build_alias=''
build_cpu='i686'
build_os='linux-gnu'
build_vendor='pc'
datadir='${datarootdir}'
datarootdir='${prefix}/share'
docdir='${datarootdir}/doc/${PACKAGE_TARNAME}'
dvidir='${docdir}'
exec_prefix='${prefix}'
host='i686-pc-linux-gnu'
host_alias=''
host_cpu='i686'
host_os='linux-gnu'
host_vendor='pc'
htmldir='${docdir}'
includedir='${prefix}/include'
infodir='${datarootdir}/info'
install_sh='$(SHELL) /work/projects/jz2440/oflash/lib/libftdi-0.16/install-sh'
libdir='${exec_prefix}/lib'
libexecdir='${exec_prefix}/libexec'
localedir='${datarootdir}/locale'
localstatedir='${prefix}/var'
mandir='${datarootdir}/man'
mkdir_p='/bin/mkdir -p'
oldincludedir='/usr/include'
pdfdir='${docdir}'
pkgpyexecdir='${pyexecdir}/libftdi'
pkgpythondir='${pythondir}/libftdi'
prefix='/usr/local'
program_transform_name='s,x,x,'
psdir='${docdir}'
pyexecdir='${exec_prefix}/lib/python2.5/site-packages'
pythondir='${prefix}/lib/python2.5/site-packages'
sbindir='${exec_prefix}/sbin'
sharedstatedir='${prefix}/com'
sysconfdir='${prefix}/etc'
target_alias=''

## ----------- ##
## confdefs.h. ##
## ----------- ##

#define PACKAGE_NAME "libftdi"
#define PACKAGE_TARNAME "libftdi"
#define PACKAGE_VERSION "0.16"
#define PACKAGE_STRING "libftdi 0.16"
#define PACKAGE_BUGREPORT ""
#define PACKAGE "libftdi"
#define VERSION "0.16"
#define STDC_HEADERS 1
#define HAVE_SYS_TYPES_H 1
#define HAVE_SYS_STAT_H 1
#define HAVE_STDLIB_H 1
#define HAVE_STRING_H 1
#define HAVE_MEMORY_H 1
#define HAVE_STRINGS_H 1
#define HAVE_INTTYPES_H 1
#define HAVE_STDINT_H 1
#define HAVE_UNISTD_H 1
#define HAVE_DLFCN_H 1

configure: exit 0
